<?xml version="1.0" encoding="UTF-8"?>
<robot generator="Robot 3.1.2 (Python 3.7.4 on win32)" generated="20200207 09:00:15.283" rpa="false">
<suite id="s1" name="Test" source="C:\_GIT\FirstTest\FirstTest\Tests\test.robot">
<test id="s1-t1" name="Car Conf Title control">
<kw name="Open browser pls">
<kw name="Open Browser" library="SeleniumLibrary">
<doc>Opens a new browser instance to the given ``url``.</doc>
<arguments>
<arg>https://cc.skoda-auto.com/</arg>
<arg>chrome</arg>
</arguments>
<msg timestamp="20200207 09:00:15.562" level="INFO">Opening browser 'chrome' to base url 'https://cc.skoda-auto.com/'.</msg>
<status status="PASS" starttime="20200207 09:00:15.562" endtime="20200207 09:00:22.005"></status>
</kw>
<kw name="Maximize Browser Window" library="SeleniumLibrary">
<doc>Maximizes current browser window.</doc>
<status status="PASS" starttime="20200207 09:00:22.005" endtime="20200207 09:00:26.142"></status>
</kw>
<status status="PASS" starttime="20200207 09:00:15.561" endtime="20200207 09:00:26.142"></status>
</kw>
<kw name="Name control">
<kw name="Page Should Contain" library="SeleniumLibrary">
<doc>Verifies that current page contains ``text``.</doc>
<arguments>
<arg>Car Configurator</arg>
</arguments>
<msg timestamp="20200207 09:00:26.167" level="INFO">Current page contains text 'Car Configurator'.</msg>
<status status="PASS" starttime="20200207 09:00:26.143" endtime="20200207 09:00:26.167"></status>
</kw>
<status status="PASS" starttime="20200207 09:00:26.143" endtime="20200207 09:00:26.168"></status>
</kw>
<status status="PASS" starttime="20200207 09:00:15.561" endtime="20200207 09:00:26.170" critical="yes"></status>
</test>
<kw name="Close Browser" library="SeleniumLibrary" type="teardown">
<doc>Closes the current browser.</doc>
<status status="PASS" starttime="20200207 09:00:26.175" endtime="20200207 09:00:28.341"></status>
</kw>
<status status="PASS" starttime="20200207 09:00:15.285" endtime="20200207 09:00:28.341"></status>
</suite>
<statistics>
<total>
<stat pass="1" fail="0">Critical Tests</stat>
<stat pass="1" fail="0">All Tests</stat>
</total>
<tag>
</tag>
<suite>
<stat pass="1" fail="0" id="s1" name="Test">Test</stat>
</suite>
</statistics>
<errors>
</errors>
</robot>
